{"/Users/dpadmin/deven/dpgit/tests/bain_co/__TESTS__/sampledata.js": {"path":"/Users/dpadmin/deven/dpgit/tests/bain_co/__TESTS__/sampledata.js","statementMap":{"0":{"start":{"line":1,"column":24},"end":{"line":20,"column":1}}},"fnMap":{},"branchMap":{},"s":{"0":2},"f":{},"b":{},"_coverageSchema":"1a1c01bbd47fc00a2c39e90264f33305004495a9","hash":"f95dbfec8326058ac6e78944261cb847d4e67a12"}
,"/Users/dpadmin/deven/dpgit/tests/bain_co/app/update.js": {"path":"/Users/dpadmin/deven/dpgit/tests/bain_co/app/update.js","statementMap":{"0":{"start":{"line":3,"column":45},"end":{"line":17,"column":1}},"1":{"start":{"line":4,"column":19},"end":{"line":4,"column":29}},"2":{"start":{"line":5,"column":4},"end":{"line":5,"column":39}},"3":{"start":{"line":5,"column":30},"end":{"line":5,"column":39}},"4":{"start":{"line":6,"column":4},"end":{"line":16,"column":6}},"5":{"start":{"line":7,"column":47},"end":{"line":7,"column":70}},"6":{"start":{"line":8,"column":8},"end":{"line":15,"column":9}}},"fnMap":{"0":{"name":"(anonymous_0)","decl":{"start":{"line":3,"column":45},"end":{"line":3,"column":46}},"loc":{"start":{"line":3,"column":55},"end":{"line":17,"column":1}},"line":3},"1":{"name":"(anonymous_1)","decl":{"start":{"line":6,"column":23},"end":{"line":6,"column":24}},"loc":{"start":{"line":6,"column":30},"end":{"line":16,"column":5}},"line":6}},"branchMap":{"0":{"loc":{"start":{"line":4,"column":19},"end":{"line":4,"column":29}},"type":"binary-expr","locations":[{"start":{"line":4,"column":19},"end":{"line":4,"column":23}},{"start":{"line":4,"column":27},"end":{"line":4,"column":29}}],"line":4},"1":{"loc":{"start":{"line":5,"column":4},"end":{"line":5,"column":39}},"type":"if","locations":[{"start":{"line":5,"column":4},"end":{"line":5,"column":39}},{"start":{"line":5,"column":4},"end":{"line":5,"column":39}}],"line":5}},"s":{"0":2,"1":4,"2":4,"3":2,"4":2,"5":8,"6":8},"f":{"0":4,"1":8},"b":{"0":[4,2],"1":[2,2]},"_coverageSchema":"1a1c01bbd47fc00a2c39e90264f33305004495a9","hash":"6bde3e4bc8aaa69f8b31ca1eea561a9655d0ed76"}
,"/Users/dpadmin/deven/dpgit/tests/bain_co/data/bmi_cat.js": {"path":"/Users/dpadmin/deven/dpgit/tests/bain_co/data/bmi_cat.js","statementMap":{"0":{"start":{"line":3,"column":17},"end":{"line":10,"column":1}}},"fnMap":{},"branchMap":{},"s":{"0":2},"f":{},"b":{},"_coverageSchema":"1a1c01bbd47fc00a2c39e90264f33305004495a9","hash":"09f3005137c4e8bcd7ba9ac2dde1f36e3757f2e3"}
,"/Users/dpadmin/deven/dpgit/tests/bain_co/data/bmi_health_risks.js": {"path":"/Users/dpadmin/deven/dpgit/tests/bain_co/data/bmi_health_risks.js","statementMap":{"0":{"start":{"line":3,"column":14},"end":{"line":10,"column":1}}},"fnMap":{},"branchMap":{},"s":{"0":2},"f":{},"b":{},"_coverageSchema":"1a1c01bbd47fc00a2c39e90264f33305004495a9","hash":"3b19332e6b5ab0f54eb01a83d9e90ae93ba7494c"}
,"/Users/dpadmin/deven/dpgit/tests/bain_co/data/bmi_range.js": {"path":"/Users/dpadmin/deven/dpgit/tests/bain_co/data/bmi_range.js","statementMap":{"0":{"start":{"line":1,"column":18},"end":{"line":8,"column":1}}},"fnMap":{},"branchMap":{},"s":{"0":2},"f":{},"b":{},"_coverageSchema":"1a1c01bbd47fc00a2c39e90264f33305004495a9","hash":"59a76d9a9c553fd5f182c098d94d7ba5ba526f19"}
,"/Users/dpadmin/deven/dpgit/tests/bain_co/utils/calculations.js": {"path":"/Users/dpadmin/deven/dpgit/tests/bain_co/utils/calculations.js","statementMap":{"0":{"start":{"line":6,"column":20},"end":{"line":14,"column":1}},"1":{"start":{"line":7,"column":19},"end":{"line":12,"column":6}},"2":{"start":{"line":8,"column":8},"end":{"line":11,"column":34}},"3":{"start":{"line":9,"column":12},"end":{"line":9,"column":53}},"4":{"start":{"line":11,"column":12},"end":{"line":11,"column":34}},"5":{"start":{"line":13,"column":4},"end":{"line":13,"column":33}},"6":{"start":{"line":16,"column":28},"end":{"line":35,"column":1}},"7":{"start":{"line":17,"column":17},"end":{"line":17,"column":19}},"8":{"start":{"line":18,"column":24},"end":{"line":18,"column":26}},"9":{"start":{"line":19,"column":17},"end":{"line":19,"column":38}},"10":{"start":{"line":20,"column":17},"end":{"line":20,"column":38}},"11":{"start":{"line":22,"column":4},"end":{"line":22,"column":38}},"12":{"start":{"line":23,"column":4},"end":{"line":23,"column":38}},"13":{"start":{"line":25,"column":4},"end":{"line":33,"column":5}},"14":{"start":{"line":26,"column":23},"end":{"line":26,"column":54}},"15":{"start":{"line":27,"column":8},"end":{"line":27,"column":59}},"16":{"start":{"line":28,"column":8},"end":{"line":28,"column":36}},"17":{"start":{"line":28,"column":25},"end":{"line":28,"column":36}},"18":{"start":{"line":29,"column":8},"end":{"line":32,"column":9}},"19":{"start":{"line":31,"column":12},"end":{"line":31,"column":47}},"20":{"start":{"line":34,"column":4},"end":{"line":34,"column":52}},"21":{"start":{"line":37,"column":29},"end":{"line":43,"column":1}},"22":{"start":{"line":38,"column":18},"end":{"line":38,"column":31}},"23":{"start":{"line":39,"column":4},"end":{"line":41,"column":5}},"24":{"start":{"line":40,"column":8},"end":{"line":40,"column":38}},"25":{"start":{"line":42,"column":4},"end":{"line":42,"column":18}},"26":{"start":{"line":46,"column":33},"end":{"line":52,"column":1}},"27":{"start":{"line":47,"column":17},"end":{"line":47,"column":30}},"28":{"start":{"line":48,"column":4},"end":{"line":50,"column":5}},"29":{"start":{"line":49,"column":8},"end":{"line":49,"column":40}},"30":{"start":{"line":51,"column":4},"end":{"line":51,"column":17}},"31":{"start":{"line":54,"column":27},"end":{"line":56,"column":1}},"32":{"start":{"line":55,"column":4},"end":{"line":55,"column":39}},"33":{"start":{"line":58,"column":35},"end":{"line":61,"column":1}},"34":{"start":{"line":59,"column":24},"end":{"line":59,"column":68}},"35":{"start":{"line":59,"column":44},"end":{"line":59,"column":67}},"36":{"start":{"line":60,"column":4},"end":{"line":60,"column":24}}},"fnMap":{"0":{"name":"(anonymous_0)","decl":{"start":{"line":6,"column":20},"end":{"line":6,"column":21}},"loc":{"start":{"line":6,"column":27},"end":{"line":14,"column":1}},"line":6},"1":{"name":"(anonymous_1)","decl":{"start":{"line":7,"column":33},"end":{"line":7,"column":34}},"loc":{"start":{"line":7,"column":43},"end":{"line":12,"column":5}},"line":7},"2":{"name":"(anonymous_2)","decl":{"start":{"line":16,"column":28},"end":{"line":16,"column":29}},"loc":{"start":{"line":16,"column":38},"end":{"line":35,"column":1}},"line":16},"3":{"name":"(anonymous_3)","decl":{"start":{"line":37,"column":29},"end":{"line":37,"column":30}},"loc":{"start":{"line":37,"column":46},"end":{"line":43,"column":1}},"line":37},"4":{"name":"(anonymous_4)","decl":{"start":{"line":46,"column":33},"end":{"line":46,"column":34}},"loc":{"start":{"line":46,"column":50},"end":{"line":52,"column":1}},"line":46},"5":{"name":"(anonymous_5)","decl":{"start":{"line":54,"column":27},"end":{"line":54,"column":28}},"loc":{"start":{"line":54,"column":33},"end":{"line":56,"column":1}},"line":54},"6":{"name":"(anonymous_6)","decl":{"start":{"line":58,"column":35},"end":{"line":58,"column":36}},"loc":{"start":{"line":58,"column":58},"end":{"line":61,"column":1}},"line":58},"7":{"name":"(anonymous_7)","decl":{"start":{"line":59,"column":39},"end":{"line":59,"column":40}},"loc":{"start":{"line":59,"column":44},"end":{"line":59,"column":67}},"line":59}},"branchMap":{"0":{"loc":{"start":{"line":8,"column":8},"end":{"line":11,"column":34}},"type":"if","locations":[{"start":{"line":8,"column":8},"end":{"line":11,"column":34}},{"start":{"line":8,"column":8},"end":{"line":11,"column":34}}],"line":8},"1":{"loc":{"start":{"line":9,"column":19},"end":{"line":9,"column":53}},"type":"binary-expr","locations":[{"start":{"line":9,"column":19},"end":{"line":9,"column":34}},{"start":{"line":9,"column":38},"end":{"line":9,"column":53}}],"line":9},"2":{"loc":{"start":{"line":19,"column":17},"end":{"line":19,"column":38}},"type":"binary-expr","locations":[{"start":{"line":19,"column":17},"end":{"line":19,"column":32}},{"start":{"line":19,"column":36},"end":{"line":19,"column":38}}],"line":19},"3":{"loc":{"start":{"line":20,"column":17},"end":{"line":20,"column":38}},"type":"binary-expr","locations":[{"start":{"line":20,"column":17},"end":{"line":20,"column":32}},{"start":{"line":20,"column":36},"end":{"line":20,"column":38}}],"line":20},"4":{"loc":{"start":{"line":22,"column":13},"end":{"line":22,"column":38}},"type":"cond-expr","locations":[{"start":{"line":22,"column":27},"end":{"line":22,"column":29}},{"start":{"line":22,"column":32},"end":{"line":22,"column":38}}],"line":22},"5":{"loc":{"start":{"line":23,"column":13},"end":{"line":23,"column":38}},"type":"cond-expr","locations":[{"start":{"line":23,"column":27},"end":{"line":23,"column":29}},{"start":{"line":23,"column":32},"end":{"line":23,"column":38}}],"line":23},"6":{"loc":{"start":{"line":25,"column":4},"end":{"line":33,"column":5}},"type":"if","locations":[{"start":{"line":25,"column":4},"end":{"line":33,"column":5}},{"start":{"line":25,"column":4},"end":{"line":33,"column":5}}],"line":25},"7":{"loc":{"start":{"line":25,"column":8},"end":{"line":25,"column":38}},"type":"binary-expr","locations":[{"start":{"line":25,"column":8},"end":{"line":25,"column":21}},{"start":{"line":25,"column":25},"end":{"line":25,"column":38}}],"line":25},"8":{"loc":{"start":{"line":28,"column":8},"end":{"line":28,"column":36}},"type":"if","locations":[{"start":{"line":28,"column":8},"end":{"line":28,"column":36}},{"start":{"line":28,"column":8},"end":{"line":28,"column":36}}],"line":28},"9":{"loc":{"start":{"line":29,"column":8},"end":{"line":32,"column":9}},"type":"if","locations":[{"start":{"line":29,"column":8},"end":{"line":32,"column":9}},{"start":{"line":29,"column":8},"end":{"line":32,"column":9}}],"line":29},"10":{"loc":{"start":{"line":39,"column":4},"end":{"line":41,"column":5}},"type":"if","locations":[{"start":{"line":39,"column":4},"end":{"line":41,"column":5}},{"start":{"line":39,"column":4},"end":{"line":41,"column":5}}],"line":39},"11":{"loc":{"start":{"line":48,"column":4},"end":{"line":50,"column":5}},"type":"if","locations":[{"start":{"line":48,"column":4},"end":{"line":50,"column":5}},{"start":{"line":48,"column":4},"end":{"line":50,"column":5}}],"line":48}},"s":{"0":2,"1":6,"2":36,"3":30,"4":6,"5":6,"6":2,"7":8,"8":8,"9":8,"10":8,"11":8,"12":8,"13":8,"14":6,"15":6,"16":6,"17":0,"18":6,"19":6,"20":8,"21":2,"22":8,"23":8,"24":6,"25":8,"26":2,"27":8,"28":8,"29":6,"30":8,"31":2,"32":0,"33":2,"34":2,"35":8,"36":2},"f":{"0":6,"1":36,"2":8,"3":8,"4":8,"5":0,"6":2,"7":8},"b":{"0":[30,6],"1":[30,22],"2":[8,0],"3":[8,2],"4":[0,8],"5":[2,6],"6":[6,2],"7":[8,8],"8":[0,6],"9":[6,0],"10":[6,2],"11":[6,2]},"_coverageSchema":"1a1c01bbd47fc00a2c39e90264f33305004495a9","hash":"1d6622ad516495c8d0c59b5f0f66da4ba7c48e14"}
,"/Users/dpadmin/deven/dpgit/tests/bain_co/utils/consts.js": {"path":"/Users/dpadmin/deven/dpgit/tests/bain_co/utils/consts.js","statementMap":{"0":{"start":{"line":1,"column":25},"end":{"line":8,"column":1}},"1":{"start":{"line":10,"column":26},"end":{"line":17,"column":1}}},"fnMap":{},"branchMap":{},"s":{"0":2,"1":2},"f":{},"b":{},"_coverageSchema":"1a1c01bbd47fc00a2c39e90264f33305004495a9","hash":"bbb6a8bec35fda02914def35fa499f369eb2073b"}
,"/Users/dpadmin/deven/dpgit/tests/bain_co/utils/print.js": {"path":"/Users/dpadmin/deven/dpgit/tests/bain_co/utils/print.js","statementMap":{"0":{"start":{"line":2,"column":21},"end":{"line":4,"column":1}},"1":{"start":{"line":3,"column":4},"end":{"line":3,"column":20}},"2":{"start":{"line":7,"column":28},"end":{"line":31,"column":1}},"3":{"start":{"line":8,"column":23},"end":{"line":8,"column":37}},"4":{"start":{"line":9,"column":4},"end":{"line":11,"column":5}},"5":{"start":{"line":10,"column":8},"end":{"line":10,"column":14}},"6":{"start":{"line":12,"column":4},"end":{"line":15,"column":5}},"7":{"start":{"line":13,"column":8},"end":{"line":13,"column":31}},"8":{"start":{"line":14,"column":8},"end":{"line":14,"column":46}},"9":{"start":{"line":16,"column":4},"end":{"line":30,"column":5}},"10":{"start":{"line":16,"column":19},"end":{"line":16,"column":20}},"11":{"start":{"line":17,"column":74},"end":{"line":17,"column":86}},"12":{"start":{"line":18,"column":23},"end":{"line":18,"column":25}},"13":{"start":{"line":19,"column":8},"end":{"line":28,"column":9}},"14":{"start":{"line":20,"column":12},"end":{"line":20,"column":59}},"15":{"start":{"line":22,"column":12},"end":{"line":22,"column":42}},"16":{"start":{"line":23,"column":12},"end":{"line":23,"column":78}},"17":{"start":{"line":24,"column":12},"end":{"line":24,"column":44}},"18":{"start":{"line":25,"column":12},"end":{"line":25,"column":65}},"19":{"start":{"line":26,"column":12},"end":{"line":26,"column":50}},"20":{"start":{"line":27,"column":12},"end":{"line":27,"column":81}},"21":{"start":{"line":29,"column":8},"end":{"line":29,"column":23}}},"fnMap":{"0":{"name":"(anonymous_0)","decl":{"start":{"line":2,"column":21},"end":{"line":2,"column":22}},"loc":{"start":{"line":2,"column":28},"end":{"line":4,"column":1}},"line":2},"1":{"name":"(anonymous_1)","decl":{"start":{"line":7,"column":28},"end":{"line":7,"column":29}},"loc":{"start":{"line":7,"column":51},"end":{"line":31,"column":1}},"line":7}},"branchMap":{"0":{"loc":{"start":{"line":9,"column":4},"end":{"line":11,"column":5}},"type":"if","locations":[{"start":{"line":9,"column":4},"end":{"line":11,"column":5}},{"start":{"line":9,"column":4},"end":{"line":11,"column":5}}],"line":9},"1":{"loc":{"start":{"line":12,"column":4},"end":{"line":15,"column":5}},"type":"if","locations":[{"start":{"line":12,"column":4},"end":{"line":15,"column":5}},{"start":{"line":12,"column":4},"end":{"line":15,"column":5}}],"line":12},"2":{"loc":{"start":{"line":19,"column":8},"end":{"line":28,"column":9}},"type":"if","locations":[{"start":{"line":19,"column":8},"end":{"line":28,"column":9}},{"start":{"line":19,"column":8},"end":{"line":28,"column":9}}],"line":19},"3":{"loc":{"start":{"line":19,"column":12},"end":{"line":19,"column":98}},"type":"binary-expr","locations":[{"start":{"line":19,"column":12},"end":{"line":19,"column":22}},{"start":{"line":19,"column":26},"end":{"line":19,"column":46}},{"start":{"line":19,"column":50},"end":{"line":19,"column":72}},{"start":{"line":19,"column":76},"end":{"line":19,"column":98}}],"line":19},"4":{"loc":{"start":{"line":23,"column":24},"end":{"line":23,"column":78}},"type":"cond-expr","locations":[{"start":{"line":23,"column":58},"end":{"line":23,"column":66}},{"start":{"line":23,"column":69},"end":{"line":23,"column":78}}],"line":23}},"s":{"0":1,"1":4,"2":1,"3":3,"4":3,"5":2,"6":1,"7":1,"8":1,"9":1,"10":1,"11":2,"12":2,"13":2,"14":1,"15":1,"16":1,"17":1,"18":1,"19":1,"20":1,"21":2},"f":{"0":4,"1":3},"b":{"0":[2,1],"1":[1,0],"2":[1,1],"3":[2,1,1,1],"4":[1,0]},"_coverageSchema":"1a1c01bbd47fc00a2c39e90264f33305004495a9","hash":"a5596bb7499467e1ebfd4c524261479ac6f77e6c"}
}
