TN:
SF:__TESTS__/sampledata.js
FNF:0
FNH:0
DA:1,2
LF:1
LH:1
BRF:0
BRH:0
end_of_record
TN:
SF:app/update.js
FN:3,(anonymous_0)
FN:6,(anonymous_1)
FNF:2
FNH:2
FNDA:4,(anonymous_0)
FNDA:8,(anonymous_1)
DA:3,2
DA:4,4
DA:5,4
DA:6,2
DA:7,8
DA:8,8
LF:6
LH:6
BRDA:4,0,0,4
BRDA:4,0,1,2
BRDA:5,1,0,2
BRDA:5,1,1,2
BRF:4
BRH:4
end_of_record
TN:
SF:data/bmi_cat.js
FNF:0
FNH:0
DA:3,2
LF:1
LH:1
BRF:0
BRH:0
end_of_record
TN:
SF:data/bmi_health_risks.js
FNF:0
FNH:0
DA:3,2
LF:1
LH:1
BRF:0
BRH:0
end_of_record
TN:
SF:data/bmi_range.js
FNF:0
FNH:0
DA:1,2
LF:1
LH:1
BRF:0
BRH:0
end_of_record
TN:
SF:utils/calculations.js
FN:6,(anonymous_0)
FN:7,(anonymous_1)
FN:16,(anonymous_2)
FN:37,(anonymous_3)
FN:46,(anonymous_4)
FN:54,(anonymous_5)
FN:58,(anonymous_6)
FN:59,(anonymous_7)
FNF:8
FNH:7
FNDA:6,(anonymous_0)
FNDA:36,(anonymous_1)
FNDA:8,(anonymous_2)
FNDA:8,(anonymous_3)
FNDA:8,(anonymous_4)
FNDA:0,(anonymous_5)
FNDA:2,(anonymous_6)
FNDA:8,(anonymous_7)
DA:6,2
DA:7,6
DA:8,36
DA:9,30
DA:11,6
DA:13,6
DA:16,2
DA:17,8
DA:18,8
DA:19,8
DA:20,8
DA:22,8
DA:23,8
DA:25,8
DA:26,6
DA:27,6
DA:28,6
DA:29,6
DA:31,6
DA:34,8
DA:37,2
DA:38,8
DA:39,8
DA:40,6
DA:42,8
DA:46,2
DA:47,8
DA:48,8
DA:49,6
DA:51,8
DA:54,2
DA:55,0
DA:58,2
DA:59,8
DA:60,2
LF:35
LH:34
BRDA:8,0,0,30
BRDA:8,0,1,6
BRDA:9,1,0,30
BRDA:9,1,1,22
BRDA:19,2,0,8
BRDA:19,2,1,0
BRDA:20,3,0,8
BRDA:20,3,1,2
BRDA:22,4,0,0
BRDA:22,4,1,8
BRDA:23,5,0,2
BRDA:23,5,1,6
BRDA:25,6,0,6
BRDA:25,6,1,2
BRDA:25,7,0,8
BRDA:25,7,1,8
BRDA:28,8,0,0
BRDA:28,8,1,6
BRDA:29,9,0,6
BRDA:29,9,1,0
BRDA:39,10,0,6
BRDA:39,10,1,2
BRDA:48,11,0,6
BRDA:48,11,1,2
BRF:24
BRH:20
end_of_record
TN:
SF:utils/consts.js
FNF:0
FNH:0
DA:1,2
DA:10,2
LF:2
LH:2
BRF:0
BRH:0
end_of_record
TN:
SF:utils/print.js
FN:2,(anonymous_0)
FN:7,(anonymous_1)
FNF:2
FNH:2
FNDA:4,(anonymous_0)
FNDA:3,(anonymous_1)
DA:2,1
DA:3,4
DA:7,1
DA:8,3
DA:9,3
DA:10,2
DA:12,1
DA:13,1
DA:14,1
DA:16,1
DA:17,2
DA:18,2
DA:19,2
DA:20,1
DA:22,1
DA:23,1
DA:24,1
DA:25,1
DA:26,1
DA:27,1
DA:29,2
LF:21
LH:21
BRDA:9,0,0,2
BRDA:9,0,1,1
BRDA:12,1,0,1
BRDA:12,1,1,0
BRDA:19,2,0,1
BRDA:19,2,1,1
BRDA:19,3,0,2
BRDA:19,3,1,1
BRDA:19,3,2,1
BRDA:19,3,3,1
BRDA:23,4,0,1
BRDA:23,4,1,0
BRF:12
BRH:10
end_of_record
